<?xml version="1.0" encoding="UTF-8" standalone="no"?>
<testsuite errors="0" failures="1" name="io.cucumber.core.plugin.JUnitFormatter" skipped="0" tests="5" time="121.864">
    <testcase classname="E-commerce Project Web Site Health Check" name="User is able to Open the browser, navigate to the URL and Search for Product" time="24.987">
        <system-out><![CDATA[Given User navigated to the home application url............................passed
Given User navigated to the home application url............................passed
When User Search for product "Laptop".......................................passed
Then Search Result page is displayed........................................passed
]]></system-out>
    </testcase>
    <testcase classname="E-commerce Project Web Site Health Check" name="User is click on the Product and check the Product Details" time="31.255">
        <failure message="" type="java.util.NoSuchElementException"><![CDATA[Given User navigated to the home application url............................passed
Given User navigated to the home application url............................passed
And User Search for product "Earphone"......................................passed
When User click on any product..............................................passed
Then Product Description is displayed in new tab............................failed

StackTrace:
java.util.NoSuchElementException
	at java.base/java.util.LinkedHashMap$LinkedHashIterator.nextNode(LinkedHashMap.java:760)
	at java.base/java.util.LinkedHashMap$LinkedKeyIterator.next(LinkedHashMap.java:780)
	at core.WebDriverFactory.switchBrowserToTab(WebDriverFactory.java:61)
	at StepDef.StepDefs.product_description_is_displayed_in_new_tab(StepDefs.java:105)
	at ✽.Product Description is displayed in new tab(file:///C:/Users/Dell/IdeaProjects/CucumberPageObject/src/test/resources/Features/Feature.feature:28)
]]></failure>
    </testcase>
    <testcase classname="E-commerce Project Web Site Health Check" name="User is able to search multiple products" time="25.115">
        <system-out><![CDATA[Given User navigated to the home application url............................passed
Given User navigated to the home application url............................passed
When User Search for product "laptop".......................................passed
Then Search Result page is displayed........................................passed
]]></system-out>
    </testcase>
    <testcase classname="E-commerce Project Web Site Health Check" name="User is able to search multiple products 2" time="19.203">
        <system-out><![CDATA[Given User navigated to the home application url............................passed
Given User navigated to the home application url............................passed
When User Search for product "earphone".....................................passed
Then Search Result page is displayed........................................passed
]]></system-out>
    </testcase>
    <testcase classname="E-commerce Project Web Site Health Check" name="User is able to search multiple products 3" time="20.718">
        <system-out><![CDATA[Given User navigated to the home application url............................passed
Given User navigated to the home application url............................passed
When User Search for product "computer".....................................passed
Then Search Result page is displayed........................................passed
]]></system-out>
    </testcase>
</testsuite>
